Determining if the pthread_create exist failed with the following output:
Change Dir: /home/coraz/CLionProjects/EsLaboratorio/cmake-build-debug/CMakeFiles/CMakeTmp

Run Build Command(s):/usr/bin/make cmTC_0ad88/fast 
/usr/bin/make -f CMakeFiles/cmTC_0ad88.dir/build.make CMakeFiles/cmTC_0ad88.dir/build
make[1]: ingresso nella directory "/home/coraz/CLionProjects/EsLaboratorio/cmake-build-debug/CMakeFiles/CMakeTmp"
Building C object CMakeFiles/cmTC_0ad88.dir/CheckSymbolExists.c.o
/usr/bin/cc    -o CMakeFiles/cmTC_0ad88.dir/CheckSymbolExists.c.o   -c /home/coraz/CLionProjects/EsLaboratorio/cmake-build-debug/CMakeFiles/CMakeTmp/CheckSymbolExists.c
Linking C executable cmTC_0ad88
/snap/clion/82/bin/cmake/linux/bin/cmake -E cmake_link_script CMakeFiles/cmTC_0ad88.dir/link.txt --verbose=1
/usr/bin/cc      -rdynamic CMakeFiles/cmTC_0ad88.dir/CheckSymbolExists.c.o  -o cmTC_0ad88 
CMakeFiles/cmTC_0ad88.dir/CheckSymbolExists.c.o: nella funzione "main":
CheckSymbolExists.c:(.text+0x1b): riferimento non definito a "pthread_create"
collect2: error: ld returned 1 exit status
CMakeFiles/cmTC_0ad88.dir/build.make:86: recipe for target 'cmTC_0ad88' failed
make[1]: *** [cmTC_0ad88] Error 1
make[1]: uscita dalla directory "/home/coraz/CLionProjects/EsLaboratorio/cmake-build-debug/CMakeFiles/CMakeTmp"
Makefile:121: recipe for target 'cmTC_0ad88/fast' failed
make: *** [cmTC_0ad88/fast] Error 2

File /home/coraz/CLionProjects/EsLaboratorio/cmake-build-debug/CMakeFiles/CMakeTmp/CheckSymbolExists.c:
/* */
#include <pthread.h>

int main(int argc, char** argv)
{
  (void)argv;
#ifndef pthread_create
  return ((int*)(&pthread_create))[argc];
#else
  (void)argc;
  return 0;
#endif
}

